<?xml version="1.0" encoding="UTF-8"?>
<coverage generated="1561690863445" clover="3.2.0">
  <project timestamp="1561690863446" name="All files">
    <metrics statements="34" coveredstatements="30" conditionals="21" coveredconditionals="17" methods="7" coveredmethods="7" elements="62" coveredelements="54" complexity="0" loc="34" ncloc="34" packages="1" files="1" classes="1"/>
    <file name="index.js" path="/Users/zoujianquan/Desktop/babel-plugin-aoto-decimal-js/src/index.js">
      <metrics statements="34" coveredstatements="30" conditionals="21" coveredconditionals="17" methods="7" coveredmethods="7"/>
      <line num="1" count="1" type="stmt"/>
      <line num="2" count="26" type="cond" truecount="5" falsecount="2"/>
      <line num="3" count="17" type="stmt"/>
      <line num="4" count="5" type="stmt"/>
      <line num="5" count="0" type="stmt"/>
      <line num="6" count="2" type="stmt"/>
      <line num="7" count="1" type="stmt"/>
      <line num="8" count="1" type="stmt"/>
      <line num="9" count="0" type="stmt"/>
      <line num="14" count="1" type="stmt"/>
      <line num="17" count="15" type="stmt"/>
      <line num="20" count="1" type="stmt"/>
      <line num="21" count="26" type="stmt"/>
      <line num="30" count="1" type="stmt"/>
      <line num="32" count="26" type="stmt"/>
      <line num="33" count="26" type="stmt"/>
      <line num="34" count="26" type="stmt"/>
      <line num="36" count="26" type="stmt"/>
      <line num="38" count="26" type="cond" truecount="2" falsecount="0"/>
      <line num="39" count="11" type="stmt"/>
      <line num="40" count="11" type="stmt"/>
      <line num="43" count="15" type="cond" truecount="2" falsecount="0"/>
      <line num="44" count="3" type="cond" truecount="1" falsecount="1"/>
      <line num="45" count="0" type="stmt"/>
      <line num="46" count="0" type="stmt"/>
      <line num="50" count="15" type="stmt"/>
      <line num="60" count="1" type="stmt"/>
      <line num="64" count="2" type="stmt"/>
      <line num="65" count="2" type="cond" truecount="3" falsecount="1"/>
      <line num="66" count="2" type="stmt"/>
      <line num="70" count="62" type="stmt"/>
      <line num="71" count="62" type="cond" truecount="2" falsecount="0"/>
      <line num="75" count="9" type="stmt"/>
      <line num="76" count="9" type="stmt"/>
    </file>
  </project>
</coverage>
