{"/Users/zoujianquan/Desktop/babel-plugin-aoto-decimal-js/src/index.js": {"path":"/Users/zoujianquan/Desktop/babel-plugin-aoto-decimal-js/src/index.js","statementMap":{"0":{"start":{"line":1,"column":23},"end":{"line":11,"column":1}},"1":{"start":{"line":2,"column":2},"end":{"line":10,"column":3}},"2":{"start":{"line":3,"column":14},"end":{"line":3,"column":27}},"3":{"start":{"line":4,"column":14},"end":{"line":4,"column":27}},"4":{"start":{"line":5,"column":14},"end":{"line":5,"column":27}},"5":{"start":{"line":6,"column":14},"end":{"line":6,"column":27}},"6":{"start":{"line":7,"column":14},"end":{"line":7,"column":27}},"7":{"start":{"line":8,"column":15},"end":{"line":8,"column":28}},"8":{"start":{"line":9,"column":13},"end":{"line":9,"column":74}},"9":{"start":{"line":14,"column":23},"end":{"line":14,"column":28}},"10":{"start":{"line":17,"column":4},"end":{"line":17,"column":76}},"11":{"start":{"line":20,"column":31},"end":{"line":28,"column":3}},"12":{"start":{"line":21,"column":4},"end":{"line":27,"column":5}},"13":{"start":{"line":30,"column":31},"end":{"line":58,"column":3}},"14":{"start":{"line":32,"column":40},"end":{"line":32,"column":50}},"15":{"start":{"line":33,"column":33},"end":{"line":33,"column":40}},"16":{"start":{"line":34,"column":27},"end":{"line":34,"column":53}},"17":{"start":{"line":36,"column":28},"end":{"line":36,"column":55}},"18":{"start":{"line":38,"column":6},"end":{"line":41,"column":7}},"19":{"start":{"line":39,"column":8},"end":{"line":39,"column":84}},"20":{"start":{"line":40,"column":8},"end":{"line":40,"column":15}},"21":{"start":{"line":43,"column":6},"end":{"line":48,"column":7}},"22":{"start":{"line":44,"column":8},"end":{"line":47,"column":9}},"23":{"start":{"line":45,"column":10},"end":{"line":45,"column":86}},"24":{"start":{"line":46,"column":10},"end":{"line":46,"column":17}},"25":{"start":{"line":50,"column":6},"end":{"line":56,"column":8}},"26":{"start":{"line":60,"column":2},"end":{"line":85,"column":4}},"27":{"start":{"line":64,"column":25},"end":{"line":64,"column":29}},"28":{"start":{"line":65,"column":8},"end":{"line":67,"column":9}},"29":{"start":{"line":66,"column":10},"end":{"line":66,"column":61}},"30":{"start":{"line":70,"column":25},"end":{"line":70,"column":29}},"31":{"start":{"line":71,"column":8},"end":{"line":73,"column":9}},"32":{"start":{"line":72,"column":10},"end":{"line":72,"column":17}},"33":{"start":{"line":74,"column":8},"end":{"line":82,"column":9}},"34":{"start":{"line":78,"column":10},"end":{"line":78,"column":53}},"35":{"start":{"line":79,"column":10},"end":{"line":81,"column":12}}},"fnMap":{"0":{"name":"(anonymous_0)","decl":{"start":{"line":1,"column":23},"end":{"line":1,"column":24}},"loc":{"start":{"line":1,"column":37},"end":{"line":11,"column":1}},"line":1},"1":{"name":"(anonymous_1)","decl":{"start":{"line":13,"column":15},"end":{"line":13,"column":16}},"loc":{"start":{"line":13,"column":32},"end":{"line":86,"column":1}},"line":13},"2":{"name":"createDecimalCallee","decl":{"start":{"line":16,"column":11},"end":{"line":16,"column":30}},"loc":{"start":{"line":16,"column":58},"end":{"line":18,"column":3}},"line":16},"3":{"name":"(anonymous_3)","decl":{"start":{"line":20,"column":31},"end":{"line":20,"column":32}},"loc":{"start":{"line":21,"column":4},"end":{"line":27,"column":5}},"line":21},"4":{"name":"(anonymous_4)","decl":{"start":{"line":31,"column":4},"end":{"line":31,"column":5}},"loc":{"start":{"line":31,"column":35},"end":{"line":57,"column":5}},"line":31},"5":{"name":"(anonymous_5)","decl":{"start":{"line":63,"column":6},"end":{"line":63,"column":7}},"loc":{"start":{"line":63,"column":37},"end":{"line":68,"column":7}},"line":63},"6":{"name":"(anonymous_6)","decl":{"start":{"line":69,"column":6},"end":{"line":69,"column":7}},"loc":{"start":{"line":69,"column":51},"end":{"line":83,"column":7}},"line":69}},"branchMap":{"0":{"loc":{"start":{"line":2,"column":2},"end":{"line":10,"column":3}},"type":"switch","locations":[{"start":{"line":3,"column":4},"end":{"line":3,"column":27}},{"start":{"line":4,"column":4},"end":{"line":4,"column":27}},{"start":{"line":5,"column":4},"end":{"line":5,"column":27}},{"start":{"line":6,"column":4},"end":{"line":6,"column":27}},{"start":{"line":7,"column":4},"end":{"line":7,"column":27}},{"start":{"line":8,"column":4},"end":{"line":8,"column":28}},{"start":{"line":9,"column":4},"end":{"line":9,"column":74}}],"line":2},"1":{"loc":{"start":{"line":38,"column":6},"end":{"line":41,"column":7}},"type":"if","locations":[{"start":{"line":38,"column":6},"end":{"line":41,"column":7}},{"start":{"line":38,"column":6},"end":{"line":41,"column":7}}],"line":38},"2":{"loc":{"start":{"line":43,"column":6},"end":{"line":48,"column":7}},"type":"if","locations":[{"start":{"line":43,"column":6},"end":{"line":48,"column":7}},{"start":{"line":43,"column":6},"end":{"line":48,"column":7}}],"line":43},"3":{"loc":{"start":{"line":44,"column":8},"end":{"line":47,"column":9}},"type":"if","locations":[{"start":{"line":44,"column":8},"end":{"line":47,"column":9}},{"start":{"line":44,"column":8},"end":{"line":47,"column":9}}],"line":44},"4":{"loc":{"start":{"line":65,"column":8},"end":{"line":67,"column":9}},"type":"if","locations":[{"start":{"line":65,"column":8},"end":{"line":67,"column":9}},{"start":{"line":65,"column":8},"end":{"line":67,"column":9}}],"line":65},"5":{"loc":{"start":{"line":65,"column":12},"end":{"line":65,"column":82}},"type":"binary-expr","locations":[{"start":{"line":65,"column":12},"end":{"line":65,"column":23}},{"start":{"line":65,"column":27},"end":{"line":65,"column":82}}],"line":65},"6":{"loc":{"start":{"line":71,"column":8},"end":{"line":73,"column":9}},"type":"if","locations":[{"start":{"line":71,"column":8},"end":{"line":73,"column":9}},{"start":{"line":71,"column":8},"end":{"line":73,"column":9}}],"line":71},"7":{"loc":{"start":{"line":74,"column":8},"end":{"line":82,"column":9}},"type":"if","locations":[{"start":{"line":74,"column":8},"end":{"line":82,"column":9}},{"start":{"line":74,"column":8},"end":{"line":82,"column":9}}],"line":74},"8":{"loc":{"start":{"line":75,"column":10},"end":{"line":76,"column":52}},"type":"binary-expr","locations":[{"start":{"line":75,"column":10},"end":{"line":75,"column":59}},{"start":{"line":76,"column":13},"end":{"line":76,"column":52}}],"line":75}},"s":{"0":1,"1":26,"2":17,"3":5,"4":0,"5":2,"6":1,"7":1,"8":0,"9":1,"10":15,"11":1,"12":26,"13":1,"14":26,"15":26,"16":26,"17":26,"18":26,"19":11,"20":11,"21":15,"22":3,"23":0,"24":0,"25":15,"26":1,"27":2,"28":2,"29":2,"30":62,"31":62,"32":0,"33":62,"34":9,"35":9},"f":{"0":26,"1":1,"2":15,"3":26,"4":26,"5":2,"6":62},"b":{"0":[17,5,0,2,1,1,0],"1":[11,15],"2":[3,12],"3":[0,3],"4":[2,0],"5":[2,2],"6":[0,62],"7":[9,53],"8":[62,26]},"_coverageSchema":"43e27e138ebf9cfc5966b082cf9a028302ed4184","hash":"2c1362fa297694740793d99c10f2446af86d35dc"}
}
