TN:
SF:/Users/zoujianquan/Desktop/babel-plugin-aoto-decimal-js/src/index.js
FN:1,(anonymous_0)
FN:13,(anonymous_1)
FN:16,createDecimalCallee
FN:20,(anonymous_3)
FN:31,(anonymous_4)
FN:63,(anonymous_5)
FN:69,(anonymous_6)
FNF:7
FNH:7
FNDA:26,(anonymous_0)
FNDA:1,(anonymous_1)
FNDA:15,createDecimalCallee
FNDA:26,(anonymous_3)
FNDA:26,(anonymous_4)
FNDA:2,(anonymous_5)
FNDA:62,(anonymous_6)
DA:1,1
DA:2,26
DA:3,17
DA:4,5
DA:5,0
DA:6,2
DA:7,1
DA:8,1
DA:9,0
DA:14,1
DA:17,15
DA:20,1
DA:21,26
DA:30,1
DA:32,26
DA:33,26
DA:34,26
DA:36,26
DA:38,26
DA:39,11
DA:40,11
DA:43,15
DA:44,3
DA:45,0
DA:46,0
DA:50,15
DA:60,1
DA:64,2
DA:65,2
DA:66,2
DA:70,62
DA:71,62
DA:75,9
DA:76,9
LF:34
LH:30
BRDA:2,0,0,17
BRDA:2,0,1,5
BRDA:2,0,2,0
BRDA:2,0,3,2
BRDA:2,0,4,1
BRDA:2,0,5,1
BRDA:2,0,6,0
BRDA:38,1,0,11
BRDA:38,1,1,15
BRDA:43,2,0,3
BRDA:43,2,1,12
BRDA:44,3,0,0
BRDA:44,3,1,3
BRDA:65,4,0,2
BRDA:65,4,1,0
BRDA:65,5,0,2
BRDA:65,5,1,2
BRDA:71,6,0,9
BRDA:71,6,1,53
BRDA:72,7,0,62
BRDA:72,7,1,26
BRF:21
BRH:17
end_of_record
